This file contains any messages produced by compilers while
running configure, to aid debugging if configure makes a mistake.

It was created by OPTICS configure 1.2.0, which was
generated by GNU Autoconf 2.69.  Invocation command line was

  $ ./configure 

## --------- ##
## Platform. ##
## --------- ##

hostname = ace
uname -m = x86_64
uname -r = 3.13.0-38-generic
uname -s = Linux
uname -v = #65somerville1-Ubuntu SMP Wed Oct 15 02:15:02 UTC 2014

/usr/bin/uname -p = unknown
/bin/uname -X     = unknown

/bin/arch              = unknown
/usr/bin/arch -k       = unknown
/usr/convex/getsysinfo = unknown
/usr/bin/hostinfo      = unknown
/bin/machine           = unknown
/usr/bin/oslevel       = unknown
/bin/universe          = unknown

PATH: /usr/local/sbin
PATH: /usr/local/bin
PATH: /usr/sbin
PATH: /usr/bin
PATH: /sbin
PATH: /bin
PATH: /usr/games
PATH: /usr/local/games
PATH: .
PATH: /home/jkleinj/apps/bin
PATH: /usr/local/cuda/bin
PATH: /home/jkleinj/jk.private/AmazonEC2/ec2-api-tools-1.6.9.0/bin
PATH: /home/jkleinj/.rvm/bin


## ----------- ##
## Core tests. ##
## ----------- ##

configure:2279: checking for a BSD-compatible install
configure:2347: result: /usr/bin/install -c
configure:2358: checking whether build environment is sane
configure:2413: result: yes
configure:2564: checking for a thread-safe mkdir -p
configure:2603: result: /bin/mkdir -p
configure:2610: checking for gawk
configure:2640: result: no
configure:2610: checking for mawk
configure:2626: found /usr/bin/mawk
configure:2637: result: mawk
configure:2648: checking whether make sets $(MAKE)
configure:2670: result: yes
configure:2699: checking whether make supports nested variables
configure:2716: result: yes
configure:2894: checking for gcc
configure:2910: found /usr/bin/gcc
configure:2921: result: gcc
configure:3150: checking for C compiler version
configure:3159: gcc --version >&5
gcc (Ubuntu 4.8.4-2ubuntu1~14.04) 4.8.4
Copyright (C) 2013 Free Software Foundation, Inc.
This is free software; see the source for copying conditions.  There is NO
warranty; not even for MERCHANTABILITY or FITNESS FOR A PARTICULAR PURPOSE.

configure:3170: $? = 0
configure:3159: gcc -v >&5
Using built-in specs.
COLLECT_GCC=gcc
COLLECT_LTO_WRAPPER=/usr/lib/gcc/x86_64-linux-gnu/4.8/lto-wrapper
Target: x86_64-linux-gnu
Configured with: ../src/configure -v --with-pkgversion='Ubuntu 4.8.4-2ubuntu1~14.04' --with-bugurl=file:///usr/share/doc/gcc-4.8/README.Bugs --enable-languages=c,c++,java,go,d,fortran,objc,obj-c++ --prefix=/usr --program-suffix=-4.8 --enable-shared --enable-linker-build-id --libexecdir=/usr/lib --without-included-gettext --enable-threads=posix --with-gxx-include-dir=/usr/include/c++/4.8 --libdir=/usr/lib --enable-nls --with-sysroot=/ --enable-clocale=gnu --enable-libstdcxx-debug --enable-libstdcxx-time=yes --enable-gnu-unique-object --disable-libmudflap --enable-plugin --with-system-zlib --disable-browser-plugin --enable-java-awt=gtk --enable-gtk-cairo --with-java-home=/usr/lib/jvm/java-1.5.0-gcj-4.8-amd64/jre --enable-java-home --with-jvm-root-dir=/usr/lib/jvm/java-1.5.0-gcj-4.8-amd64 --with-jvm-jar-dir=/usr/lib/jvm-exports/java-1.5.0-gcj-4.8-amd64 --with-arch-directory=amd64 --with-ecj-jar=/usr/share/java/eclipse-ecj.jar --enable-objc-gc --enable-multiarch --disable-werror --with-arch-32=i686 --with-abi=m64 --with-multilib-list=m32,m64,mx32 --with-tune=generic --enable-checking=release --build=x86_64-linux-gnu --host=x86_64-linux-gnu --target=x86_64-linux-gnu
Thread model: posix
gcc version 4.8.4 (Ubuntu 4.8.4-2ubuntu1~14.04) 
configure:3170: $? = 0
configure:3159: gcc -V >&5
gcc: error: unrecognized command line option '-V'
gcc: fatal error: no input files
compilation terminated.
configure:3170: $? = 4
configure:3159: gcc -qversion >&5
gcc: error: unrecognized command line option '-qversion'
gcc: fatal error: no input files
compilation terminated.
configure:3170: $? = 4
configure:3190: checking whether the C compiler works
configure:3212: gcc    conftest.c  >&5
configure:3216: $? = 0
configure:3264: result: yes
configure:3267: checking for C compiler default output file name
configure:3269: result: a.out
configure:3275: checking for suffix of executables
configure:3282: gcc -o conftest    conftest.c  >&5
configure:3286: $? = 0
configure:3308: result: 
configure:3330: checking whether we are cross compiling
configure:3338: gcc -o conftest    conftest.c  >&5
configure:3342: $? = 0
configure:3349: ./conftest
configure:3353: $? = 0
configure:3368: result: no
configure:3373: checking for suffix of object files
configure:3395: gcc -c   conftest.c >&5
configure:3399: $? = 0
configure:3420: result: o
configure:3424: checking whether we are using the GNU C compiler
configure:3443: gcc -c   conftest.c >&5
configure:3443: $? = 0
configure:3452: result: yes
configure:3461: checking whether gcc accepts -g
configure:3481: gcc -c -g  conftest.c >&5
configure:3481: $? = 0
configure:3522: result: yes
configure:3539: checking for gcc option to accept ISO C89
configure:3602: gcc  -c -g -O2  conftest.c >&5
configure:3602: $? = 0
configure:3615: result: none needed
configure:3640: checking whether gcc understands -c and -o together
configure:3662: gcc -c conftest.c -o conftest2.o
configure:3665: $? = 0
configure:3662: gcc -c conftest.c -o conftest2.o
configure:3665: $? = 0
configure:3677: result: yes
configure:3705: checking for style of include used by make
configure:3733: result: GNU
configure:3759: checking dependency style of gcc
configure:3870: result: gcc3
configure:3885: checking whether ln -s works
configure:3889: result: yes
configure:3899: checking for cos in -lm
configure:3924: gcc -o conftest -g -O2   conftest.c -lm   >&5
conftest.c:18:6: warning: conflicting types for built-in function 'cos' [enabled by default]
 char cos ();
      ^
configure:3924: $? = 0
configure:3933: result: yes
configure:3951: checking how to run the C preprocessor
configure:3982: gcc -E  conftest.c
configure:3982: $? = 0
configure:3996: gcc -E  conftest.c
conftest.c:12:28: fatal error: ac_nonexistent.h: No such file or directory
 #include <ac_nonexistent.h>
                            ^
compilation terminated.
configure:3996: $? = 1
configure: failed program was:
| /* confdefs.h */
| #define PACKAGE_NAME "OPTICS"
| #define PACKAGE_TARNAME "optics"
| #define PACKAGE_VERSION "1.2.0"
| #define PACKAGE_STRING "OPTICS 1.2.0"
| #define PACKAGE_BUGREPORT "jkleinj@gmail.com"
| #define PACKAGE_URL ""
| #define PACKAGE "optics"
| #define VERSION "1.2.0"
| #define HAVE_LIBM 1
| /* end confdefs.h.  */
| #include <ac_nonexistent.h>
configure:4021: result: gcc -E
configure:4041: gcc -E  conftest.c
configure:4041: $? = 0
configure:4055: gcc -E  conftest.c
conftest.c:12:28: fatal error: ac_nonexistent.h: No such file or directory
 #include <ac_nonexistent.h>
                            ^
compilation terminated.
configure:4055: $? = 1
configure: failed program was:
| /* confdefs.h */
| #define PACKAGE_NAME "OPTICS"
| #define PACKAGE_TARNAME "optics"
| #define PACKAGE_VERSION "1.2.0"
| #define PACKAGE_STRING "OPTICS 1.2.0"
| #define PACKAGE_BUGREPORT "jkleinj@gmail.com"
| #define PACKAGE_URL ""
| #define PACKAGE "optics"
| #define VERSION "1.2.0"
| #define HAVE_LIBM 1
| /* end confdefs.h.  */
| #include <ac_nonexistent.h>
configure:4084: checking for grep that handles long lines and -e
configure:4142: result: /bin/grep
configure:4147: checking for egrep
configure:4209: result: /bin/grep -E
configure:4214: checking for ANSI C header files
configure:4234: gcc -c -g -O2  conftest.c >&5
configure:4234: $? = 0
configure:4307: gcc -o conftest -g -O2   conftest.c -lm  >&5
configure:4307: $? = 0
configure:4307: ./conftest
configure:4307: $? = 0
configure:4318: result: yes
configure:4331: checking for sys/types.h
configure:4331: gcc -c -g -O2  conftest.c >&5
configure:4331: $? = 0
configure:4331: result: yes
configure:4331: checking for sys/stat.h
configure:4331: gcc -c -g -O2  conftest.c >&5
configure:4331: $? = 0
configure:4331: result: yes
configure:4331: checking for stdlib.h
configure:4331: gcc -c -g -O2  conftest.c >&5
configure:4331: $? = 0
configure:4331: result: yes
configure:4331: checking for string.h
configure:4331: gcc -c -g -O2  conftest.c >&5
configure:4331: $? = 0
configure:4331: result: yes
configure:4331: checking for memory.h
configure:4331: gcc -c -g -O2  conftest.c >&5
configure:4331: $? = 0
configure:4331: result: yes
configure:4331: checking for strings.h
configure:4331: gcc -c -g -O2  conftest.c >&5
configure:4331: $? = 0
configure:4331: result: yes
configure:4331: checking for inttypes.h
configure:4331: gcc -c -g -O2  conftest.c >&5
configure:4331: $? = 0
configure:4331: result: yes
configure:4331: checking for stdint.h
configure:4331: gcc -c -g -O2  conftest.c >&5
configure:4331: $? = 0
configure:4331: result: yes
configure:4331: checking for unistd.h
configure:4331: gcc -c -g -O2  conftest.c >&5
configure:4331: $? = 0
configure:4331: result: yes
configure:4346: checking float.h usability
configure:4346: gcc -c -g -O2  conftest.c >&5
configure:4346: $? = 0
configure:4346: result: yes
configure:4346: checking float.h presence
configure:4346: gcc -E  conftest.c
configure:4346: $? = 0
configure:4346: result: yes
configure:4346: checking for float.h
configure:4346: result: yes
configure:4346: checking for stdlib.h
configure:4346: result: yes
configure:4346: checking for string.h
configure:4346: result: yes
configure:4358: checking for size_t
configure:4358: gcc -c -g -O2  conftest.c >&5
configure:4358: $? = 0
configure:4358: gcc -c -g -O2  conftest.c >&5
conftest.c: In function 'main':
conftest.c:61:21: error: expected expression before ')' token
 if (sizeof ((size_t)))
                     ^
configure:4358: $? = 1
configure: failed program was:
| /* confdefs.h */
| #define PACKAGE_NAME "OPTICS"
| #define PACKAGE_TARNAME "optics"
| #define PACKAGE_VERSION "1.2.0"
| #define PACKAGE_STRING "OPTICS 1.2.0"
| #define PACKAGE_BUGREPORT "jkleinj@gmail.com"
| #define PACKAGE_URL ""
| #define PACKAGE "optics"
| #define VERSION "1.2.0"
| #define HAVE_LIBM 1
| #define STDC_HEADERS 1
| #define HAVE_SYS_TYPES_H 1
| #define HAVE_SYS_STAT_H 1
| #define HAVE_STDLIB_H 1
| #define HAVE_STRING_H 1
| #define HAVE_MEMORY_H 1
| #define HAVE_STRINGS_H 1
| #define HAVE_INTTYPES_H 1
| #define HAVE_STDINT_H 1
| #define HAVE_UNISTD_H 1
| #define HAVE_FLOAT_H 1
| #define HAVE_STDLIB_H 1
| #define HAVE_STRING_H 1
| /* end confdefs.h.  */
| #include <stdio.h>
| #ifdef HAVE_SYS_TYPES_H
| # include <sys/types.h>
| #endif
| #ifdef HAVE_SYS_STAT_H
| # include <sys/stat.h>
| #endif
| #ifdef STDC_HEADERS
| # include <stdlib.h>
| # include <stddef.h>
| #else
| # ifdef HAVE_STDLIB_H
| #  include <stdlib.h>
| # endif
| #endif
| #ifdef HAVE_STRING_H
| # if !defined STDC_HEADERS && defined HAVE_MEMORY_H
| #  include <memory.h>
| # endif
| # include <string.h>
| #endif
| #ifdef HAVE_STRINGS_H
| # include <strings.h>
| #endif
| #ifdef HAVE_INTTYPES_H
| # include <inttypes.h>
| #endif
| #ifdef HAVE_STDINT_H
| # include <stdint.h>
| #endif
| #ifdef HAVE_UNISTD_H
| # include <unistd.h>
| #endif
| int
| main ()
| {
| if (sizeof ((size_t)))
| 	    return 0;
|   ;
|   return 0;
| }
configure:4358: result: yes
configure:4373: checking for stdlib.h
configure:4373: result: yes
configure:4383: checking for GNU libc compatible malloc
configure:4407: gcc -o conftest -g -O2   conftest.c -lm  >&5
configure:4407: $? = 0
configure:4407: ./conftest
configure:4407: $? = 0
configure:4417: result: yes
configure:4440: checking for stdlib.h
configure:4440: result: yes
configure:4450: checking for GNU libc compatible realloc
configure:4474: gcc -o conftest -g -O2   conftest.c -lm  >&5
configure:4474: $? = 0
configure:4474: ./conftest
configure:4474: $? = 0
configure:4484: result: yes
configure:4655: checking pcre.h usability
configure:4655: gcc -c -g -O2  conftest.c >&5
configure:4655: $? = 0
configure:4655: result: yes
configure:4655: checking pcre.h presence
configure:4655: gcc -E  conftest.c
configure:4655: $? = 0
configure:4655: result: yes
configure:4655: checking for pcre.h
configure:4655: result: yes
configure:4660: checking for library containing pcre_compile
configure:4691: gcc -o conftest -g -O2   conftest.c -lm  >&5
/tmp/ccyL1dT9.o: In function `main':
/home/jkleinj/jk.software/develop/CLUSTsuite/OPTICS/conftest.c:41: undefined reference to `pcre_compile'
collect2: error: ld returned 1 exit status
configure:4691: $? = 1
configure: failed program was:
| /* confdefs.h */
| #define PACKAGE_NAME "OPTICS"
| #define PACKAGE_TARNAME "optics"
| #define PACKAGE_VERSION "1.2.0"
| #define PACKAGE_STRING "OPTICS 1.2.0"
| #define PACKAGE_BUGREPORT "jkleinj@gmail.com"
| #define PACKAGE_URL ""
| #define PACKAGE "optics"
| #define VERSION "1.2.0"
| #define HAVE_LIBM 1
| #define STDC_HEADERS 1
| #define HAVE_SYS_TYPES_H 1
| #define HAVE_SYS_STAT_H 1
| #define HAVE_STDLIB_H 1
| #define HAVE_STRING_H 1
| #define HAVE_MEMORY_H 1
| #define HAVE_STRINGS_H 1
| #define HAVE_INTTYPES_H 1
| #define HAVE_STDINT_H 1
| #define HAVE_UNISTD_H 1
| #define HAVE_FLOAT_H 1
| #define HAVE_STDLIB_H 1
| #define HAVE_STRING_H 1
| #define HAVE_STDLIB_H 1
| #define HAVE_MALLOC 1
| #define HAVE_STDLIB_H 1
| #define HAVE_REALLOC 1
| #define HAVE_PCRE_H 1
| /* end confdefs.h.  */
| 
| /* Override any GCC internal prototype to avoid an error.
|    Use char because int might match the return type of a GCC
|    builtin and then its argument prototype would still apply.  */
| #ifdef __cplusplus
| extern "C"
| #endif
| char pcre_compile ();
| int
| main ()
| {
| return pcre_compile ();
|   ;
|   return 0;
| }
configure:4691: gcc -o conftest -g -O2   conftest.c -lpcre  -lm  >&5
configure:4691: $? = 0
configure:4708: result: -lpcre
configure:4758: checking for pow
configure:4758: gcc -o conftest -g -O2   conftest.c -lpcre -lm  >&5
conftest.c:53:6: warning: conflicting types for built-in function 'pow' [enabled by default]
 char pow ();
      ^
configure:4758: $? = 0
configure:4758: result: yes
configure:4758: checking for sqrt
configure:4758: gcc -o conftest -g -O2   conftest.c -lpcre -lm  >&5
conftest.c:54:6: warning: conflicting types for built-in function 'sqrt' [enabled by default]
 char sqrt ();
      ^
configure:4758: $? = 0
configure:4758: result: yes
configure:4880: checking that generated files are newer than configure
configure:4886: result: done
configure:4949: creating ./config.status

## ---------------------- ##
## Running config.status. ##
## ---------------------- ##

This file was extended by OPTICS config.status 1.2.0, which was
generated by GNU Autoconf 2.69.  Invocation command line was

  CONFIG_FILES    = 
  CONFIG_HEADERS  = 
  CONFIG_LINKS    = 
  CONFIG_COMMANDS = 
  $ ./config.status 

on ace

config.status:878: creating Makefile
config.status:878: creating src/Makefile
config.status:878: creating tests/Makefile
config.status:878: creating src/config.h
config.status:1107: executing depfiles commands

## ---------------- ##
## Cache variables. ##
## ---------------- ##

ac_cv_c_compiler_gnu=yes
ac_cv_env_CC_set=
ac_cv_env_CC_value=
ac_cv_env_CFLAGS_set=
ac_cv_env_CFLAGS_value=
ac_cv_env_CPPFLAGS_set=
ac_cv_env_CPPFLAGS_value=
ac_cv_env_CPP_set=
ac_cv_env_CPP_value=
ac_cv_env_LDFLAGS_set=
ac_cv_env_LDFLAGS_value=
ac_cv_env_LIBS_set=
ac_cv_env_LIBS_value=
ac_cv_env_build_alias_set=
ac_cv_env_build_alias_value=
ac_cv_env_host_alias_set=
ac_cv_env_host_alias_value=
ac_cv_env_target_alias_set=
ac_cv_env_target_alias_value=
ac_cv_func_malloc_0_nonnull=yes
ac_cv_func_pow=yes
ac_cv_func_realloc_0_nonnull=yes
ac_cv_func_sqrt=yes
ac_cv_header_float_h=yes
ac_cv_header_inttypes_h=yes
ac_cv_header_memory_h=yes
ac_cv_header_pcre_h=yes
ac_cv_header_stdc=yes
ac_cv_header_stdint_h=yes
ac_cv_header_stdlib_h=yes
ac_cv_header_string_h=yes
ac_cv_header_strings_h=yes
ac_cv_header_sys_stat_h=yes
ac_cv_header_sys_types_h=yes
ac_cv_header_unistd_h=yes
ac_cv_lib_m_cos=yes
ac_cv_objext=o
ac_cv_path_EGREP='/bin/grep -E'
ac_cv_path_GREP=/bin/grep
ac_cv_path_install='/usr/bin/install -c'
ac_cv_path_mkdir=/bin/mkdir
ac_cv_prog_AWK=mawk
ac_cv_prog_CPP='gcc -E'
ac_cv_prog_ac_ct_CC=gcc
ac_cv_prog_cc_c89=
ac_cv_prog_cc_g=yes
ac_cv_prog_make_make_set=yes
ac_cv_search_pcre_compile=-lpcre
ac_cv_type_size_t=yes
am_cv_CC_dependencies_compiler_type=gcc3
am_cv_make_support_nested_variables=yes
am_cv_prog_cc_c_o=yes

## ----------------- ##
## Output variables. ##
## ----------------- ##

ACLOCAL='${SHELL} /home/jkleinj/jk.software/develop/CLUSTsuite/OPTICS/missing aclocal-1.14'
AMDEPBACKSLASH='\'
AMDEP_FALSE='#'
AMDEP_TRUE=''
AMTAR='$${TAR-tar}'
AM_BACKSLASH='\'
AM_DEFAULT_V='$(AM_DEFAULT_VERBOSITY)'
AM_DEFAULT_VERBOSITY='1'
AM_V='$(V)'
AUTOCONF='${SHELL} /home/jkleinj/jk.software/develop/CLUSTsuite/OPTICS/missing autoconf'
AUTOHEADER='${SHELL} /home/jkleinj/jk.software/develop/CLUSTsuite/OPTICS/missing autoheader'
AUTOMAKE='${SHELL} /home/jkleinj/jk.software/develop/CLUSTsuite/OPTICS/missing automake-1.14'
AWK='mawk'
CC='gcc'
CCDEPMODE='depmode=gcc3'
CFLAGS='-g -O2'
CPP='gcc -E'
CPPFLAGS=''
CYGPATH_W='echo'
DATAANG_FALSE=''
DATAANG_TRUE='#'
DATADIST_FALSE=''
DATADIST_TRUE='#'
DATASTR_FALSE=''
DATASTR_TRUE='#'
DATAVEC_FALSE=''
DATAVEC_TRUE='#'
DATAXYZ_FALSE=''
DATAXYZ_TRUE='#'
DEFS='-DHAVE_CONFIG_H'
DEPDIR='.deps'
ECHO_C=''
ECHO_N='-n'
ECHO_T=''
EGREP='/bin/grep -E'
EXEEXT=''
GREP='/bin/grep'
INSTALL_DATA='${INSTALL} -m 644'
INSTALL_PROGRAM='${INSTALL}'
INSTALL_SCRIPT='${INSTALL}'
INSTALL_STRIP_PROGRAM='$(install_sh) -c -s'
INTI_CFLAGS=''
INTI_LIBS=''
LDFLAGS=''
LIBOBJS=''
LIBS='-lpcre -lm '
LN_S='ln -s'
LTLIBOBJS=''
MAKEINFO='${SHELL} /home/jkleinj/jk.software/develop/CLUSTsuite/OPTICS/missing makeinfo'
MKDIR_P='/bin/mkdir -p'
OBJEXT='o'
PACKAGE='optics'
PACKAGE_BUGREPORT='jkleinj@gmail.com'
PACKAGE_NAME='OPTICS'
PACKAGE_STRING='OPTICS 1.2.0'
PACKAGE_TARNAME='optics'
PACKAGE_URL=''
PACKAGE_VERSION='1.2.0'
PATH_SEPARATOR=':'
SET_MAKE=''
SHELL='/bin/bash'
STRIP=''
VERSION='1.2.0'
ac_ct_CC='gcc'
am__EXEEXT_FALSE=''
am__EXEEXT_TRUE='#'
am__fastdepCC_FALSE='#'
am__fastdepCC_TRUE=''
am__include='include'
am__isrc=''
am__leading_dot='.'
am__nodep='_no'
am__quote=''
am__tar='$${TAR-tar} chof - "$$tardir"'
am__untar='$${TAR-tar} xf -'
bindir='${exec_prefix}/bin'
build_alias=''
datadir='${datarootdir}'
datarootdir='${prefix}/share'
docdir='${datarootdir}/doc/${PACKAGE_TARNAME}'
dvidir='${docdir}'
exec_prefix='${prefix}'
host_alias=''
htmldir='${docdir}'
includedir='${prefix}/include'
infodir='${datarootdir}/info'
install_sh='${SHELL} /home/jkleinj/jk.software/develop/CLUSTsuite/OPTICS/install-sh'
libdir='${exec_prefix}/lib'
libexecdir='${exec_prefix}/libexec'
localedir='${datarootdir}/locale'
localstatedir='${prefix}/var'
mandir='${datarootdir}/man'
mkdir_p='$(MKDIR_P)'
oldincludedir='/usr/include'
pdfdir='${docdir}'
prefix='/usr/local'
program_transform_name='s,x,x,'
psdir='${docdir}'
sbindir='${exec_prefix}/sbin'
sharedstatedir='${prefix}/com'
sysconfdir='${prefix}/etc'
target_alias=''

## ----------- ##
## confdefs.h. ##
## ----------- ##

/* confdefs.h */
#define PACKAGE_NAME "OPTICS"
#define PACKAGE_TARNAME "optics"
#define PACKAGE_VERSION "1.2.0"
#define PACKAGE_STRING "OPTICS 1.2.0"
#define PACKAGE_BUGREPORT "jkleinj@gmail.com"
#define PACKAGE_URL ""
#define PACKAGE "optics"
#define VERSION "1.2.0"
#define HAVE_LIBM 1
#define STDC_HEADERS 1
#define HAVE_SYS_TYPES_H 1
#define HAVE_SYS_STAT_H 1
#define HAVE_STDLIB_H 1
#define HAVE_STRING_H 1
#define HAVE_MEMORY_H 1
#define HAVE_STRINGS_H 1
#define HAVE_INTTYPES_H 1
#define HAVE_STDINT_H 1
#define HAVE_UNISTD_H 1
#define HAVE_FLOAT_H 1
#define HAVE_STDLIB_H 1
#define HAVE_STRING_H 1
#define HAVE_STDLIB_H 1
#define HAVE_MALLOC 1
#define HAVE_STDLIB_H 1
#define HAVE_REALLOC 1
#define HAVE_PCRE_H 1
#define HAVE_POW 1
#define HAVE_SQRT 1

configure: exit 0
